<?xml version="1.0" encoding="UTF-8"?>
<!-- Generated by org.testng.reporters.JUnitXMLReporter -->
<testsuite ignored="0" hostname="LTIN205658" failures="0" tests="5" name="Default test" time="82.946" errors="0" timestamp="2024-02-13T14:56:18 IST">
  <testcase classname="objectModel.testing" name="OneCognizant" time="6.233"/>
  <testcase classname="objectModel.testing" name="getUserDetails" time="6.964"/>
  <testcase classname="objectModel.testing" name="clickOnecognizant" time="5.946"/>
  <testcase classname="objectModel.testing" name="setSearch" time="9.293"/>
  <testcase classname="objectModel.testing" name="getAllSheet" time="39.487"/>
</testsuite> <!-- Default test -->
