<?xml version="1.0" encoding="UTF-8"?>
<!-- Generated by org.testng.reporters.JUnitXMLReporter -->
<testsuite ignored="0" hostname="LTIN488948" failures="0" tests="5" name="Test" time="100.463" errors="0" timestamp="2024-02-12T11:45:29 IST">
  <testcase classname="objectModel.testing" name="OneCognizant" time="0.096"/>
  <testcase classname="objectModel.testing" name="getUserDetails" time="1.374"/>
  <testcase classname="objectModel.testing" name="clickOnecognizant" time="1.486"/>
  <testcase classname="objectModel.testing" name="setSearch" time="6.848"/>
  <testcase classname="objectModel.testing" name="getAllSheet" time="20.844"/>
</testsuite> <!-- Test -->
