<?xml version="1.0" encoding="UTF-8"?>
<testng-results ignored="0" total="5" passed="5" failed="0" skipped="0">
  <reporter-output>
  </reporter-output>
  <suite started-at="2024-02-13T14:54:55 IST" name="Default suite" finished-at="2024-02-13T14:56:18 IST" duration-ms="82946">
    <groups>
    </groups>
    <test started-at="2024-02-13T14:54:55 IST" name="Default test" finished-at="2024-02-13T14:56:18 IST" duration-ms="82946">
      <class name="objectModel.testing">
        <test-method is-config="true" signature="getUrl()[pri:0, instance:objectModel.testing@14028087]" started-at="2024-02-13T14:54:56 IST" name="getUrl" finished-at="2024-02-13T14:55:09 IST" duration-ms="12519" status="PASS">
          <reporter-output>
          </reporter-output>
        </test-method> <!-- getUrl -->
        <test-method signature="OneCognizant()[pri:1, instance:objectModel.testing@14028087]" started-at="2024-02-13T14:55:09 IST" name="OneCognizant" finished-at="2024-02-13T14:55:15 IST" duration-ms="6233" status="PASS">
          <reporter-output>
          </reporter-output>
        </test-method> <!-- OneCognizant -->
        <test-method signature="getUserDetails()[pri:2, instance:objectModel.testing@14028087]" started-at="2024-02-13T14:55:15 IST" name="getUserDetails" finished-at="2024-02-13T14:55:22 IST" duration-ms="6964" status="PASS">
          <reporter-output>
          </reporter-output>
        </test-method> <!-- getUserDetails -->
        <test-method signature="clickOnecognizant()[pri:3, instance:objectModel.testing@14028087]" started-at="2024-02-13T14:55:22 IST" name="clickOnecognizant" finished-at="2024-02-13T14:55:28 IST" duration-ms="5946" status="PASS">
          <reporter-output>
          </reporter-output>
        </test-method> <!-- clickOnecognizant -->
        <test-method signature="setSearch()[pri:4, instance:objectModel.testing@14028087]" started-at="2024-02-13T14:55:28 IST" name="setSearch" finished-at="2024-02-13T14:55:37 IST" duration-ms="9293" status="PASS">
          <reporter-output>
          </reporter-output>
        </test-method> <!-- setSearch -->
        <test-method signature="getAllSheet()[pri:5, instance:objectModel.testing@14028087]" started-at="2024-02-13T14:55:37 IST" name="getAllSheet" finished-at="2024-02-13T14:56:17 IST" duration-ms="39487" status="PASS">
          <reporter-output>
          </reporter-output>
        </test-method> <!-- getAllSheet -->
        <test-method is-config="true" signature="close()[pri:0, instance:objectModel.testing@14028087]" started-at="2024-02-13T14:56:17 IST" name="close" finished-at="2024-02-13T14:56:18 IST" duration-ms="1284" status="PASS">
          <reporter-output>
          </reporter-output>
        </test-method> <!-- close -->
      </class> <!-- objectModel.testing -->
    </test> <!-- Default test -->
  </suite> <!-- Default suite -->
</testng-results>
